<?xml version="1.0" encoding="UTF-8"?>
<testng-results ignored="0" total="1" passed="1" failed="0" skipped="0">
  <reporter-output>
  </reporter-output>
  <suite started-at="2023-01-26T01:33:54 IST" name="Test Maven Suite" finished-at="2023-01-26T01:34:23 IST" duration-ms="28649">
    <groups>
    </groups>
    <test started-at="2023-01-26T01:33:54 IST" name="Test Maven Test" finished-at="2023-01-26T01:34:23 IST" duration-ms="28649">
      <class name="testCases.ScriptDriver">
        <test-method signature="driverSetup(java.util.HashMap)[pri:0, instance:testCases.ScriptDriver@1b11171f]" started-at="2023-01-26T01:33:55 IST" name="driverSetup" data-provider="ToolData" finished-at="2023-01-26T01:34:23 IST" duration-ms="28435" status="PASS">
          <params>
            <param index="0">
              <value>
                <![CDATA[{Laptop=apple macbook pro, Value1=Welcome to selenium, ToRun=Yes, Value2=Alexa Skills}]]>
              </value>
            </param>
          </params>
          <reporter-output>
          </reporter-output>
        </test-method> <!-- driverSetup -->
      </class> <!-- testCases.ScriptDriver -->
    </test> <!-- Test Maven Test -->
  </suite> <!-- Test Maven Suite -->
</testng-results>
