<?xml version="1.0" encoding="UTF-8"?>
<testng-results ignored="0" total="1" passed="1" failed="0" skipped="0">
  <reporter-output>
  </reporter-output>
  <suite started-at="2023-04-20T00:01:01 IST" name="Default suite" finished-at="2023-04-20T00:01:39 IST" duration-ms="37332">
    <groups>
    </groups>
    <test started-at="2023-04-20T00:01:01 IST" name="Default test" finished-at="2023-04-20T00:01:39 IST" duration-ms="37332">
      <class name="testCases.ScriptDriver">
        <test-method signature="driverSetup(java.util.HashMap)[pri:0, instance:testCases.ScriptDriver@1151e434]" started-at="2023-04-20T00:01:01 IST" name="driverSetup" data-provider="ToolData" finished-at="2023-04-20T00:01:39 IST" duration-ms="37110" status="PASS">
          <params>
            <param index="0">
              <value>
                <![CDATA[{Laptop=apple macbook pro, Value1=Welcome to selenium, ToRun=Yes, Value2=Alexa Skills}]]>
              </value>
            </param>
          </params>
          <reporter-output>
          </reporter-output>
        </test-method> <!-- driverSetup -->
      </class> <!-- testCases.ScriptDriver -->
    </test> <!-- Default test -->
  </suite> <!-- Default suite -->
</testng-results>
